<?xml version="1.0" encoding="UTF-8"?>
<!-- Generated by org.testng.reporters.JUnitXMLReporter -->
<testsuite ignored="0" hostname="LAPTOP-BIP7EH0F" failures="1" tests="10" name="Test" time="21.545" errors="0" timestamp="2022-09-25T03:56:23 PKT">
  <testcase classname="TestCases.NavigationTest" name="NavigationPage_01_navigateToUrl" time="15.52">
    <failure type="java.lang.AssertionError" message="expected [Sign in to Asians - User System] but found [CDN console - high-speed, high-defense, high-speed CDN]">
      <![CDATA[java.lang.AssertionError: expected [Sign in to Asians - User System] but found [CDN console - high-speed, high-defense, high-speed CDN]
at TestCases.NavigationTest.NavigationPage_01_navigateToUrl(NavigationTest.java:34)
at java.base/java.util.ArrayList.forEach(ArrayList.java:1511)
... Removed 31 stack frames]]>
    </failure>
  </testcase> <!-- NavigationPage_01_navigateToUrl -->
  <testcase classname="TestCases.NavigationTest" name="NavigationPage_02_StatusCodeCheck" time="1.678"/>
  <testcase classname="TestCases.LoginCases" name="loginCases_01_Email_field_check" time="0.039"/>
  <testcase classname="TestCases.LoginCases" name="loginCases_02_Password_field_check" time="0.023"/>
  <testcase classname="TestCases.LoginCases" name="loginCases_03_SignIn_Button_check" time="0.023"/>
  <testcase classname="TestCases.LoginCases" name="loginCases_04_LoginWith_BothFieldsInvalidCreds_check" time="0.468"/>
  <testcase classname="TestCases.LoginCases" name="loginCases_05_LoginWith_EmailInvalidCreds_check" time="0.44"/>
  <testcase classname="TestCases.LoginCases" name="loginCases_06_LoginWith_PasswordInvalidCreds_check" time="0.464"/>
  <testcase classname="TestCases.LoginCases" name="loginCases_07_LoginWith_BothEmptyCreds_check" time="0.371"/>
  <testcase classname="TestCases.LoginCases" name="loginCases_08_LoginWith_BothValidCreds_check" time="2.489"/>
</testsuite> <!-- Test -->
