<?xml version="1.0" encoding="UTF-8" ?>
<testsuite tests="3" failures="1" name="TestCases.NavigationTest" time="0.863" errors="0" skipped="2">
  <properties>
[...]
</properties>
  <testcase classname="TestCases.NavigationTest" name="beforeMethod" time="0.287">
    <failure message="The driver executable does not exist: C:\Users\all\Documents\AsianCloud\AsianCloud\user.dir\chromedriver.exe" type="java.lang.IllegalStateException">java.lang.IllegalStateException: The driver executable does not exist: C:\Users\all\Documents\AsianCloud\AsianCloud\user.dir\chromedriver.exe
	at com.google.common.base.Preconditions.checkState(Preconditions.java:585)
	at org.openqa.selenium.remote.service.DriverService.checkExecutable(DriverService.java:137)
	at org.openqa.selenium.remote.service.DriverService.findExecutable(DriverService.java:132)
	at org.openqa.selenium.chrome.ChromeDriverService.access$000(ChromeDriverService.java:35)
	at org.openqa.selenium.chrome.ChromeDriverService$Builder.findDefaultExecutable(ChromeDriverService.java:156)
	at org.openqa.selenium.remote.service.DriverService$Builder.build(DriverService.java:346)
	at org.openqa.selenium.chrome.ChromeDriverService.createDefaultService(ChromeDriverService.java:91)
	at org.openqa.selenium.chrome.ChromeDriver.&lt;init&gt;(ChromeDriver.java:123)
	at TestCases.NavigationTest.beforeMethod(NavigationTest.java:22)
</failure>
    <system-out>Configuring TestNG with: org.apache.maven.surefire.testng.conf.TestNG652Configurator@5c0369c4
</system-out>
  </testcase>
  <testcase classname="TestCases.NavigationTest" name="navigateToAUrl" time="0.288">
    <skipped/>
  </testcase>
  <testcase classname="TestCases.NavigationTest" name="afterMethod" time="0.288">
    <skipped/>
  </testcase>
</testsuite>